<?xml version="1.0" encoding="UTF-8"?>
<!-- Generated by org.testng.reporters.JUnitXMLReporter -->
<testsuite ignored="0" hostname="DESKTOP-469MOAN" failures="0" tests="7" name="Default test" time="244.693" errors="0" timestamp="2024-02-26T23:18:12 IST">
  <testcase classname="SalesForce.CommerceTest.SalesForceLoginTest" name="getSalesForceLogin" time="15.869"/>
  <testcase classname="SalesForce.CommerceTest.SalesForceLoginTest" name="navigateToCommerceModule" time="24.012"/>
  <testcase classname="SalesForce.CommerceTest.SalesForceLoginTest" name="navigateToAccountsModule" time="8.318"/>
  <testcase classname="SalesForce.CommerceTest.SalesForceLoginTest" name="createNewAccount" time="32.817"/>
  <testcase classname="SalesForce.CommerceTest.SalesForceLoginTest" name="editaddAccount" time="71.338"/>
  <testcase classname="SalesForce.CommerceTest.SalesForceLoginTest" name="accountSearch" time="40.525"/>
  <testcase classname="SalesForce.CommerceTest.SalesForceLoginTest" name="navigateToContactsModule" time="40.525"/>
</testsuite> <!-- Default test -->
